photoprint_v1_1/build/outputs/logs/manifest-merger-debug-report.txt
-- Merging decision tree log ---
manifest
ADDED from src/main/AndroidManifest.xml:2:1-326:12
	package
		ADDED from src/main/AndroidManifest.xml:3:11-46
		INJECTED from src/main/AndroidManifest.xml
		INJECTED from src/main/AndroidManifest.xml
	android:versionName
		ADDED from src/main/AndroidManifest.xml:5:11-36
		INJECTED from src/main/AndroidManifest.xml
		INJECTED from src/main/AndroidManifest.xml
	android:versionCode
		ADDED from src/main/AndroidManifest.xml:4:11-34
		INJECTED from src/main/AndroidManifest.xml
		INJECTED from src/main/AndroidManifest.xml
	xmlns:android
		ADDED from src/main/AndroidManifest.xml:2:11-69
uses-sdk
ADDED from src/main/AndroidManifest.xml:7:5-9:44
MERGED from [com.android.support:support-v4:22.2.1] AndroidManifest.xml:20:5-43
	android:targetSdkVersion
		ADDED from src/main/AndroidManifest.xml:9:13-42
		INJECTED from src/main/AndroidManifest.xml
		INJECTED from src/main/AndroidManifest.xml
	android:minSdkVersion
		ADDED from src/main/AndroidManifest.xml:8:13-39
		INJECTED from src/main/AndroidManifest.xml
		INJECTED from src/main/AndroidManifest.xml
uses-permission#android.permission.INTERNET
ADDED from src/main/AndroidManifest.xml:10:5-66
	android:name
		ADDED from src/main/AndroidManifest.xml:10:22-64
uses-permission#android.permission.READ_EXTERNAL_STORAGE
ADDED from src/main/AndroidManifest.xml:11:5-79
	android:name
		ADDED from src/main/AndroidManifest.xml:11:22-77
uses-permission#android.permission.ACCESS_NETWORK_STATE
ADDED from src/main/AndroidManifest.xml:12:5-78
	android:name
		ADDED from src/main/AndroidManifest.xml:12:22-76
uses-permission#android.permission.WRITE_EXTERNAL_STORAGE
ADDED from src/main/AndroidManifest.xml:13:5-81
	android:name
		ADDED from src/main/AndroidManifest.xml:13:22-78
uses-permission#android.permission.CAMERA
ADDED from src/main/AndroidManifest.xml:14:5-15:23
	android:name
		ADDED from src/main/AndroidManifest.xml:14:22-62
application
ADDED from src/main/AndroidManifest.xml:17:5-324:19
MERGED from [com.android.support:support-v4:22.2.1] AndroidManifest.xml:22:5-20
	android:label
		ADDED from src/main/AndroidManifest.xml:21:13-45
	android:allowBackup
		ADDED from src/main/AndroidManifest.xml:19:13-39
	android:icon
		ADDED from src/main/AndroidManifest.xml:20:13-49
	android:largeHeap
		ADDED from src/main/AndroidManifest.xml:23:13-37
	android:theme
		ADDED from src/main/AndroidManifest.xml:22:13-46
	android:name
		ADDED from src/main/AndroidManifest.xml:18:13-54
activity#jsoft.projects.photoclick.MainActivity
ADDED from src/main/AndroidManifest.xml:24:9-32:20
	android:label
		ADDED from src/main/AndroidManifest.xml:26:17-49
	android:name
		ADDED from src/main/AndroidManifest.xml:25:17-70
intent-filter#android.intent.action.MAIN+android.intent.category.LAUNCHER
ADDED from src/main/AndroidManifest.xml:27:13-31:29
action#android.intent.action.MAIN
ADDED from src/main/AndroidManifest.xml:28:17-69
	android:name
		ADDED from src/main/AndroidManifest.xml:28:25-66
category#android.intent.category.LAUNCHER
ADDED from src/main/AndroidManifest.xml:30:17-77
	android:name
		ADDED from src/main/AndroidManifest.xml:30:27-74
activity#jsoft.projects.photoclick.Dashboard
ADDED from src/main/AndroidManifest.xml:34:9-41:20
	android:label
		ADDED from src/main/AndroidManifest.xml:36:17-47
	android:name
		ADDED from src/main/AndroidManifest.xml:35:17-67
intent-filter#android.intent.action.DASHBOARD+android.intent.category.DEFAULT
ADDED from src/main/AndroidManifest.xml:37:13-40:29
action#android.intent.action.DASHBOARD
ADDED from src/main/AndroidManifest.xml:38:17-74
	android:name
		ADDED from src/main/AndroidManifest.xml:38:25-71
category#android.intent.category.DEFAULT
ADDED from src/main/AndroidManifest.xml:39:17-76
	android:name
		ADDED from src/main/AndroidManifest.xml:39:27-73
activity#jsoft.projects.photoclick.Details
ADDED from src/main/AndroidManifest.xml:43:9-53:20
	android:screenOrientation
		ADDED from src/main/AndroidManifest.xml:46:17-53
	android:windowSoftInputMode
		ADDED from src/main/AndroidManifest.xml:47:17-58
	android:configChanges
		ADDED from src/main/AndroidManifest.xml:45:17-52
	android:name
		ADDED from src/main/AndroidManifest.xml:44:17-65
intent-filter#android.intent.action.DETAILS+android.intent.category.DEFAULT
ADDED from src/main/AndroidManifest.xml:48:13-52:29
action#android.intent.action.DETAILS
ADDED from src/main/AndroidManifest.xml:49:17-72
	android:name
		ADDED from src/main/AndroidManifest.xml:49:25-69
activity#jsoft.projects.photoclick.DetailsInstagram
ADDED from src/main/AndroidManifest.xml:55:9-65:20
	android:screenOrientation
		ADDED from src/main/AndroidManifest.xml:58:17-53
	android:windowSoftInputMode
		ADDED from src/main/AndroidManifest.xml:59:17-58
	android:configChanges
		ADDED from src/main/AndroidManifest.xml:57:17-52
	android:name
		ADDED from src/main/AndroidManifest.xml:56:17-74
activity#jsoft.projects.photoclick.DetailsVk
ADDED from src/main/AndroidManifest.xml:67:9-77:20
	android:screenOrientation
		ADDED from src/main/AndroidManifest.xml:70:17-53
	android:windowSoftInputMode
		ADDED from src/main/AndroidManifest.xml:71:17-58
	android:configChanges
		ADDED from src/main/AndroidManifest.xml:69:17-52
	android:name
		ADDED from src/main/AndroidManifest.xml:68:17-67
activity#jsoft.projects.photoclick.DetailsFb
ADDED from src/main/AndroidManifest.xml:79:9-89:20
	android:screenOrientation
		ADDED from src/main/AndroidManifest.xml:82:17-53
	android:windowSoftInputMode
		ADDED from src/main/AndroidManifest.xml:83:17-58
	android:configChanges
		ADDED from src/main/AndroidManifest.xml:81:17-52
	android:name
		ADDED from src/main/AndroidManifest.xml:80:17-67
activity#jsoft.projects.photoclick.Login
ADDED from src/main/AndroidManifest.xml:91:9-102:20
	android:screenOrientation
		ADDED from src/main/AndroidManifest.xml:95:17-53
	android:label
		ADDED from src/main/AndroidManifest.xml:93:17-49
	android:windowSoftInputMode
		ADDED from src/main/AndroidManifest.xml:96:17-58
	android:configChanges
		ADDED from src/main/AndroidManifest.xml:94:17-52
	android:name
		ADDED from src/main/AndroidManifest.xml:92:17-63
intent-filter#android.intent.action.LOGIN+android.intent.category.DEFAULT
ADDED from src/main/AndroidManifest.xml:97:13-101:29
action#android.intent.action.LOGIN
ADDED from src/main/AndroidManifest.xml:98:17-70
	android:name
		ADDED from src/main/AndroidManifest.xml:98:25-67
activity#jsoft.projects.photoclick.LoginActivity
ADDED from src/main/AndroidManifest.xml:104:9-115:20
	android:screenOrientation
		ADDED from src/main/AndroidManifest.xml:108:17-53
	android:label
		ADDED from src/main/AndroidManifest.xml:106:17-49
	android:windowSoftInputMode
		ADDED from src/main/AndroidManifest.xml:109:17-58
	android:configChanges
		ADDED from src/main/AndroidManifest.xml:107:17-52
	android:name
		ADDED from src/main/AndroidManifest.xml:105:17-71
intent-filter#android.intent.action.LOGINACTIVITY+android.intent.category.DEFAULT
ADDED from src/main/AndroidManifest.xml:110:13-114:29
action#android.intent.action.LOGINACTIVITY
ADDED from src/main/AndroidManifest.xml:111:17-78
	android:name
		ADDED from src/main/AndroidManifest.xml:111:25-75
activity#jsoft.projects.photoclick.ForgotPwdActivity
ADDED from src/main/AndroidManifest.xml:117:9-128:20
	android:screenOrientation
		ADDED from src/main/AndroidManifest.xml:121:17-53
	android:label
		ADDED from src/main/AndroidManifest.xml:119:17-47
	android:windowSoftInputMode
		ADDED from src/main/AndroidManifest.xml:122:17-58
	android:configChanges
		ADDED from src/main/AndroidManifest.xml:120:17-52
	android:name
		ADDED from src/main/AndroidManifest.xml:118:17-75
intent-filter#android.intent.action.FORGOTPWDACTIVITY+android.intent.category.DEFAULT
ADDED from src/main/AndroidManifest.xml:123:13-127:29
action#android.intent.action.FORGOTPWDACTIVITY
ADDED from src/main/AndroidManifest.xml:124:17-82
	android:name
		ADDED from src/main/AndroidManifest.xml:124:25-79
activity#jsoft.projects.photoclick.OrderHistory
ADDED from src/main/AndroidManifest.xml:140:9-148:20
	android:label
		ADDED from src/main/AndroidManifest.xml:142:17-49
	android:name
		ADDED from src/main/AndroidManifest.xml:141:17-70
intent-filter#android.intent.action.ORDERHISTORY+android.intent.category.DEFAULT
ADDED from src/main/AndroidManifest.xml:143:13-147:29
action#android.intent.action.ORDERHISTORY
ADDED from src/main/AndroidManifest.xml:144:17-77
	android:name
		ADDED from src/main/AndroidManifest.xml:144:25-74
activity#jsoft.projects.photoclick.UserRegistration
ADDED from src/main/AndroidManifest.xml:160:9-168:20
	android:label
		ADDED from src/main/AndroidManifest.xml:162:17-49
	android:name
		ADDED from src/main/AndroidManifest.xml:161:17-74
intent-filter#android.intent.action.USERREGISTRATION+android.intent.category.DEFAULT
ADDED from src/main/AndroidManifest.xml:163:13-167:29
action#android.intent.action.USERREGISTRATION
ADDED from src/main/AndroidManifest.xml:164:17-81
	android:name
		ADDED from src/main/AndroidManifest.xml:164:25-78
activity#jsoft.projects.photoclick.RegisterActivity
ADDED from src/main/AndroidManifest.xml:170:9-181:20
	android:screenOrientation
		ADDED from src/main/AndroidManifest.xml:174:17-53
	android:label
		ADDED from src/main/AndroidManifest.xml:172:17-49
	android:windowSoftInputMode
		ADDED from src/main/AndroidManifest.xml:175:17-58
	android:configChanges
		ADDED from src/main/AndroidManifest.xml:173:17-52
	android:name
		ADDED from src/main/AndroidManifest.xml:171:17-74
intent-filter#android.intent.action.REGISTERACTIVITY+android.intent.category.DEFAULT
ADDED from src/main/AndroidManifest.xml:176:13-180:29
action#android.intent.action.REGISTERACTIVITY
ADDED from src/main/AndroidManifest.xml:177:17-81
	android:name
		ADDED from src/main/AndroidManifest.xml:177:25-78
meta-data#com.facebook.sdk.ApplicationId
ADDED from src/main/AndroidManifest.xml:194:9-106
	android:value
		ADDED from src/main/AndroidManifest.xml:194:20-58
	android:name
		ADDED from src/main/AndroidManifest.xml:194:59-104
activity#jsoft.projects.photoclick.FbLogin
ADDED from src/main/AndroidManifest.xml:195:9-205:20
	android:screenOrientation
		ADDED from src/main/AndroidManifest.xml:199:17-53
	android:label
		ADDED from src/main/AndroidManifest.xml:197:17-41
	android:windowSoftInputMode
		ADDED from src/main/AndroidManifest.xml:200:17-58
	android:configChanges
		ADDED from src/main/AndroidManifest.xml:198:17-52
	android:name
		ADDED from src/main/AndroidManifest.xml:196:17-65
intent-filter#android.intent.action.FBLOGIN+android.intent.category.DEFAULT
ADDED from src/main/AndroidManifest.xml:201:13-204:29
action#android.intent.action.FBLOGIN
ADDED from src/main/AndroidManifest.xml:202:17-72
	android:name
		ADDED from src/main/AndroidManifest.xml:202:25-69
activity#com.facebook.LoginActivity
ADDED from src/main/AndroidManifest.xml:207:9-216:20
	android:screenOrientation
		ADDED from src/main/AndroidManifest.xml:211:17-53
	android:label
		ADDED from src/main/AndroidManifest.xml:209:17-41
	android:windowSoftInputMode
		ADDED from src/main/AndroidManifest.xml:212:17-58
	android:configChanges
		ADDED from src/main/AndroidManifest.xml:210:17-52
	android:name
		ADDED from src/main/AndroidManifest.xml:208:17-58
intent-filter#android.intent.category.DEFAULT
ADDED from src/main/AndroidManifest.xml:213:13-215:29
activity#jsoft.projects.photoclick.FbGallery
ADDED from src/main/AndroidManifest.xml:218:9-226:20
	android:screenOrientation
		ADDED from src/main/AndroidManifest.xml:222:17-53
	android:label
		ADDED from src/main/AndroidManifest.xml:220:17-47
	android:configChanges
		ADDED from src/main/AndroidManifest.xml:221:17-52
	android:name
		ADDED from src/main/AndroidManifest.xml:219:17-67
activity#jsoft.projects.photoclick.FbPhotos
ADDED from src/main/AndroidManifest.xml:228:9-234:20
	android:label
		ADDED from src/main/AndroidManifest.xml:230:17-47
	android:name
		ADDED from src/main/AndroidManifest.xml:229:17-66
activity#jsoft.projects.photoclick.vk.WelcomeActivity
ADDED from src/main/AndroidManifest.xml:236:9-81
	android:name
		ADDED from src/main/AndroidManifest.xml:236:19-78
activity#jsoft.projects.photoclick.vk.EditActivity
ADDED from src/main/AndroidManifest.xml:237:9-78
	android:name
		ADDED from src/main/AndroidManifest.xml:237:19-75
activity#jsoft.projects.photoclick.vk.LoginActivity
ADDED from src/main/AndroidManifest.xml:238:9-241:47
	android:screenOrientation
		ADDED from src/main/AndroidManifest.xml:240:19-55
	android:label
		ADDED from src/main/AndroidManifest.xml:241:19-45
	android:configChanges
		ADDED from src/main/AndroidManifest.xml:239:19-54
	android:name
		ADDED from src/main/AndroidManifest.xml:238:19-76
activity#jsoft.projects.photoclick.vk.VKActivity
ADDED from src/main/AndroidManifest.xml:242:9-245:51
	android:screenOrientation
		ADDED from src/main/AndroidManifest.xml:244:19-55
	android:label
		ADDED from src/main/AndroidManifest.xml:245:19-49
	android:configChanges
		ADDED from src/main/AndroidManifest.xml:243:19-54
	android:name
		ADDED from src/main/AndroidManifest.xml:242:19-73
activity#jsoft.projects.photoclick.AddressPayActivity
ADDED from src/main/AndroidManifest.xml:246:9-249:62
	android:screenOrientation
		ADDED from src/main/AndroidManifest.xml:248:19-55
	android:windowSoftInputMode
		ADDED from src/main/AndroidManifest.xml:249:19-60
	android:configChanges
		ADDED from src/main/AndroidManifest.xml:247:19-54
	android:name
		ADDED from src/main/AndroidManifest.xml:246:19-78
activity#jsoft.projects.photoclick.AddressActivity
ADDED from src/main/AndroidManifest.xml:250:9-253:62
	android:screenOrientation
		ADDED from src/main/AndroidManifest.xml:252:19-55
	android:windowSoftInputMode
		ADDED from src/main/AndroidManifest.xml:253:19-60
	android:configChanges
		ADDED from src/main/AndroidManifest.xml:251:19-54
	android:name
		ADDED from src/main/AndroidManifest.xml:250:19-75
activity#jsoft.projects.photoclick.WelcomeActivity
ADDED from src/main/AndroidManifest.xml:254:9-257:53
	android:screenOrientation
		ADDED from src/main/AndroidManifest.xml:256:19-55
	android:label
		ADDED from src/main/AndroidManifest.xml:257:19-51
	android:configChanges
		ADDED from src/main/AndroidManifest.xml:255:19-54
	android:name
		ADDED from src/main/AndroidManifest.xml:254:19-75
activity#jsoft.projects.photoclick.AboutActivity
ADDED from src/main/AndroidManifest.xml:258:9-261:56
	android:screenOrientation
		ADDED from src/main/AndroidManifest.xml:260:19-55
	android:label
		ADDED from src/main/AndroidManifest.xml:261:19-54
	android:configChanges
		ADDED from src/main/AndroidManifest.xml:259:19-54
	android:name
		ADDED from src/main/AndroidManifest.xml:258:19-73
activity#jsoft.projects.photoclick.PaymentSelection
ADDED from src/main/AndroidManifest.xml:262:9-265:59
	android:screenOrientation
		ADDED from src/main/AndroidManifest.xml:264:19-55
	android:label
		ADDED from src/main/AndroidManifest.xml:265:19-57
	android:configChanges
		ADDED from src/main/AndroidManifest.xml:263:19-54
	android:name
		ADDED from src/main/AndroidManifest.xml:262:19-76
activity#jsoft.projects.photoclick.PaymentSelectionFB
ADDED from src/main/AndroidManifest.xml:266:9-269:59
	android:screenOrientation
		ADDED from src/main/AndroidManifest.xml:268:19-55
	android:label
		ADDED from src/main/AndroidManifest.xml:269:19-57
	android:configChanges
		ADDED from src/main/AndroidManifest.xml:267:19-54
	android:name
		ADDED from src/main/AndroidManifest.xml:266:19-78
activity#jsoft.projects.photoclick.PaymentSelectionVk
ADDED from src/main/AndroidManifest.xml:270:9-273:59
	android:screenOrientation
		ADDED from src/main/AndroidManifest.xml:272:19-55
	android:label
		ADDED from src/main/AndroidManifest.xml:273:19-57
	android:configChanges
		ADDED from src/main/AndroidManifest.xml:271:19-54
	android:name
		ADDED from src/main/AndroidManifest.xml:270:19-78
activity#jsoft.projects.photoclick.PaymentSelectionInsta
ADDED from src/main/AndroidManifest.xml:274:9-277:59
	android:screenOrientation
		ADDED from src/main/AndroidManifest.xml:276:19-55
	android:label
		ADDED from src/main/AndroidManifest.xml:277:19-57
	android:configChanges
		ADDED from src/main/AndroidManifest.xml:275:19-54
	android:name
		ADDED from src/main/AndroidManifest.xml:274:19-81
activity#jsoft.projects.photoclick.SocialSelection
ADDED from src/main/AndroidManifest.xml:278:9-281:54
	android:screenOrientation
		ADDED from src/main/AndroidManifest.xml:280:19-55
	android:label
		ADDED from src/main/AndroidManifest.xml:281:19-52
	android:configChanges
		ADDED from src/main/AndroidManifest.xml:279:19-54
	android:name
		ADDED from src/main/AndroidManifest.xml:278:19-75
activity#jsoft.projects.photoclick.SuccessActivity
ADDED from src/main/AndroidManifest.xml:283:9-288:20
	android:screenOrientation
		ADDED from src/main/AndroidManifest.xml:286:17-53
	android:label
		ADDED from src/main/AndroidManifest.xml:287:17-48
	android:configChanges
		ADDED from src/main/AndroidManifest.xml:285:17-52
	android:name
		ADDED from src/main/AndroidManifest.xml:284:17-73
activity#jsoft.projects.photoclick.instagram.LoginInsta
ADDED from src/main/AndroidManifest.xml:290:9-295:20
	android:screenOrientation
		ADDED from src/main/AndroidManifest.xml:293:17-53
	android:label
		ADDED from src/main/AndroidManifest.xml:294:17-42
	android:configChanges
		ADDED from src/main/AndroidManifest.xml:292:17-52
	android:name
		ADDED from src/main/AndroidManifest.xml:291:17-78
activity#jsoft.projects.photoclick.instagram.InstagramActivity
ADDED from src/main/AndroidManifest.xml:297:9-302:20
	android:screenOrientation
		ADDED from src/main/AndroidManifest.xml:300:17-53
	android:label
		ADDED from src/main/AndroidManifest.xml:301:17-47
	android:configChanges
		ADDED from src/main/AndroidManifest.xml:299:17-52
	android:name
		ADDED from src/main/AndroidManifest.xml:298:17-85
activity#jsoft.projects.photoclick.TutorialActivity
ADDED from src/main/AndroidManifest.xml:303:9-308:20
	android:screenOrientation
		ADDED from src/main/AndroidManifest.xml:306:17-53
	android:label
		ADDED from src/main/AndroidManifest.xml:307:17-41
	android:configChanges
		ADDED from src/main/AndroidManifest.xml:305:17-52
	android:name
		ADDED from src/main/AndroidManifest.xml:304:17-74
activity#jsoft.projects.photoclick.TutorialViewPager
ADDED from src/main/AndroidManifest.xml:309:9-314:20
	android:screenOrientation
		ADDED from src/main/AndroidManifest.xml:312:17-53
	android:label
		ADDED from src/main/AndroidManifest.xml:313:17-41
	android:configChanges
		ADDED from src/main/AndroidManifest.xml:311:17-52
	android:name
		ADDED from src/main/AndroidManifest.xml:310:17-75
activity#jsoft.projects.photoclick.library.CircleViewFlowExample
ADDED from src/main/AndroidManifest.xml:315:9-320:20
	android:screenOrientation
		ADDED from src/main/AndroidManifest.xml:318:17-53
	android:label
		ADDED from src/main/AndroidManifest.xml:319:17-41
	android:configChanges
		ADDED from src/main/AndroidManifest.xml:317:17-52
	android:name
		ADDED from src/main/AndroidManifest.xml:316:17-87